
*********************************************************************
=========================== PROGRAM START ===========================
*********************************************************************
RUNNED AT Mon Sep 25 14:46:37 2023


*********************************************************************
============================ PROGRAM END ============================
*********************************************************************

*********************************************************************
=========================== PROGRAM START ===========================
*********************************************************************
RUNNED AT Mon Sep 25 14:47:13 2023


*********************************************************************
============================ PROGRAM END ============================
*********************************************************************

*********************************************************************
=========================== PROGRAM START ===========================
*********************************************************************
RUNNED AT Mon Sep 25 14:53:54 2023

[HASH PROTECT ON]

--------------------LOG CALLED--------------------
RUNNING FUNCTION StackPush FROM FILE "stack.cpp"(104)
Stack                > [0x16b48b178]
size                 > 4
capacity             > 4
data place           > [0x148704af0]
HASH FUNCTION        > [0x104976fc0]
::::::EXPECTED HASH::::::
STACK HASH           > 3372093385
DATA HASH            > 3164384575
::::::CURRENT HASH::::::
STACK CURRENT        > 3372093385
DATA CURRENT         > 3883951522
ELEMENTS: 

*[0] > 1
*[1] > 2
*[2] > 228
*[3] > 4
clear elements
END TIME: 14:53:53
--------------------------------------------------
>>>>>>>>>>STACK CONDITIONS<<<<<<<<<
INCORRECT DATA HASH
EXPECTED:     3164384575
CURRENT:      3883951522
>>>>>>>>STACK CONDITIONS END<<<<<<<

........................................

--------------------LOG CALLED--------------------
RUNNING FUNCTION main FROM FILE "main.cpp"(49)
INVALID STACK ERROR
END TIME: 14:53:53
--------------------------------------------------
*********************************************************************
============================ PROGRAM END ============================
*********************************************************************
